This is pdfTeX, Version 3.1415926-2.4-1.40.13 (MiKTeX 2.9 64-bit) (preloaded format=pdflatex 2014.7.7)  14 JUL 2014 22:46
entering extended mode
**deepak.tex
("E:\Works\Projects\Mini Project\Latex\deepak.tex"
LaTeX2e <2011/06/27>
Babel <v3.8m> and hyphenation patterns for english, afrikaans, ancientgreek, ar
abic, armenian, assamese, basque, bengali, bokmal, bulgarian, catalan, coptic, 
croatian, czech, danish, dutch, esperanto, estonian, farsi, finnish, french, ga
lician, german, german-x-2012-05-30, greek, gujarati, hindi, hungarian, iceland
ic, indonesian, interlingua, irish, italian, kannada, kurmanji, latin, latvian,
 lithuanian, malayalam, marathi, mongolian, mongolianlmc, monogreek, ngerman, n
german-x-2012-05-30, nynorsk, oriya, panjabi, pinyin, polish, portuguese, roman
ian, russian, sanskrit, serbian, slovak, slovenian, spanish, swedish, swissgerm
an, tamil, telugu, turkish, turkmen, ukenglish, ukrainian, uppersorbian, usengl
ishmax, welsh, loaded.
("D:\Program Files\Developer Tools\Latex\MiKTeX 2.9\tex\latex\base\report.cls"
Document Class: report 2007/10/19 v1.4h Standard LaTeX document class
("D:\Program Files\Developer Tools\Latex\MiKTeX 2.9\tex\latex\base\size12.clo"
File: size12.clo 2007/10/19 v1.4h Standard LaTeX file (size option)
)
\c@part=\count79
\c@chapter=\count80
\c@section=\count81
\c@subsection=\count82
\c@subsubsection=\count83
\c@paragraph=\count84
\c@subparagraph=\count85
\c@figure=\count86
\c@table=\count87
\abovecaptionskip=\skip41
\belowcaptionskip=\skip42
\bibindent=\dimen102
)
("D:\Program Files\Developer Tools\Latex\MiKTeX 2.9\tex\latex\amsfonts\amsfonts
.sty"
Package: amsfonts 2013/01/14 v3.01 Basic AMSFonts support
\@emptytoks=\toks14
\symAMSa=\mathgroup4
\symAMSb=\mathgroup5
LaTeX Font Info:    Overwriting math alphabet `\mathfrak' in version `bold'
(Font)                  U/euf/m/n --> U/euf/b/n on input line 106.
)
("D:\Program Files\Developer Tools\Latex\MiKTeX 2.9\tex\generic\babel\babel.sty
"
Package: babel 2008/07/08 v3.8m The Babel package

*************************************
* Local config file bblopts.cfg used
*

("D:\Program Files\Developer Tools\Latex\MiKTeX 2.9\tex\latex\00miktex\bblopts.
cfg"
File: bblopts.cfg 2006/07/31 v1.0 MiKTeX 'babel' configuration
)
("D:\Program Files\Developer Tools\Latex\MiKTeX 2.9\tex\latex\babel-english\eng
lish.ldf"
Language: english 2012/08/20 v3.3p English support from the babel system

("D:\Program Files\Developer Tools\Latex\MiKTeX 2.9\tex\generic\babel\babel.def
"
File: babel.def 2008/07/08 v3.8m Babel common definitions
\babel@savecnt=\count88
\U@D=\dimen103
)
\l@canadian = a dialect from \language\l@american 
\l@australian = a dialect from \language\l@british 
\l@newzealand = a dialect from \language\l@british 
))
("D:\Program Files\Developer Tools\Latex\MiKTeX 2.9\tex\latex\base\textcomp.sty
"
Package: textcomp 2005/09/27 v1.99g Standard LaTeX package
Package textcomp Info: Sub-encoding information:
(textcomp)               5 = only ISO-Adobe without \textcurrency
(textcomp)               4 = 5 + \texteuro
(textcomp)               3 = 4 + \textohm
(textcomp)               2 = 3 + \textestimated + \textcurrency
(textcomp)               1 = TS1 - \textcircled - \t
(textcomp)               0 = TS1 (full)
(textcomp)             Font families with sub-encoding setting implement
(textcomp)             only a restricted character set as indicated.
(textcomp)             Family '?' is the default used for unknown fonts.
(textcomp)             See the documentation for details.
Package textcomp Info: Setting ? sub-encoding to TS1/1 on input line 71.
 ("D:\Program Files\Developer Tools\Latex\MiKTeX 2.9\tex\latex\base\ts1enc.def"
File: ts1enc.def 2001/06/05 v3.0e (jk/car/fm) Standard LaTeX file
)
LaTeX Info: Redefining \oldstylenums on input line 266.
Package textcomp Info: Setting cmr sub-encoding to TS1/0 on input line 281.
Package textcomp Info: Setting cmss sub-encoding to TS1/0 on input line 282.
Package textcomp Info: Setting cmtt sub-encoding to TS1/0 on input line 283.
Package textcomp Info: Setting cmvtt sub-encoding to TS1/0 on input line 284.
Package textcomp Info: Setting cmbr sub-encoding to TS1/0 on input line 285.
Package textcomp Info: Setting cmtl sub-encoding to TS1/0 on input line 286.
Package textcomp Info: Setting ccr sub-encoding to TS1/0 on input line 287.
Package textcomp Info: Setting ptm sub-encoding to TS1/4 on input line 288.
Package textcomp Info: Setting pcr sub-encoding to TS1/4 on input line 289.
Package textcomp Info: Setting phv sub-encoding to TS1/4 on input line 290.
Package textcomp Info: Setting ppl sub-encoding to TS1/3 on input line 291.
Package textcomp Info: Setting pag sub-encoding to TS1/4 on input line 292.
Package textcomp Info: Setting pbk sub-encoding to TS1/4 on input line 293.
Package textcomp Info: Setting pnc sub-encoding to TS1/4 on input line 294.
Package textcomp Info: Setting pzc sub-encoding to TS1/4 on input line 295.
Package textcomp Info: Setting bch sub-encoding to TS1/4 on input line 296.
Package textcomp Info: Setting put sub-encoding to TS1/5 on input line 297.
Package textcomp Info: Setting uag sub-encoding to TS1/5 on input line 298.
Package textcomp Info: Setting ugq sub-encoding to TS1/5 on input line 299.
Package textcomp Info: Setting ul8 sub-encoding to TS1/4 on input line 300.
Package textcomp Info: Setting ul9 sub-encoding to TS1/4 on input line 301.
Package textcomp Info: Setting augie sub-encoding to TS1/5 on input line 302.
Package textcomp Info: Setting dayrom sub-encoding to TS1/3 on input line 303.
Package textcomp Info: Setting dayroms sub-encoding to TS1/3 on input line 304.

Package textcomp Info: Setting pxr sub-encoding to TS1/0 on input line 305.
Package textcomp Info: Setting pxss sub-encoding to TS1/0 on input line 306.
Package textcomp Info: Setting pxtt sub-encoding to TS1/0 on input line 307.
Package textcomp Info: Setting txr sub-encoding to TS1/0 on input line 308.
Package textcomp Info: Setting txss sub-encoding to TS1/0 on input line 309.
Package textcomp Info: Setting txtt sub-encoding to TS1/0 on input line 310.
Package textcomp Info: Setting lmr sub-encoding to TS1/0 on input line 311.
Package textcomp Info: Setting lmdh sub-encoding to TS1/0 on input line 312.
Package textcomp Info: Setting lmss sub-encoding to TS1/0 on input line 313.
Package textcomp Info: Setting lmssq sub-encoding to TS1/0 on input line 314.
Package textcomp Info: Setting lmvtt sub-encoding to TS1/0 on input line 315.
Package textcomp Info: Setting qhv sub-encoding to TS1/0 on input line 316.
Package textcomp Info: Setting qag sub-encoding to TS1/0 on input line 317.
Package textcomp Info: Setting qbk sub-encoding to TS1/0 on input line 318.
Package textcomp Info: Setting qcr sub-encoding to TS1/0 on input line 319.
Package textcomp Info: Setting qcs sub-encoding to TS1/0 on input line 320.
Package textcomp Info: Setting qpl sub-encoding to TS1/0 on input line 321.
Package textcomp Info: Setting qtm sub-encoding to TS1/0 on input line 322.
Package textcomp Info: Setting qzc sub-encoding to TS1/0 on input line 323.
Package textcomp Info: Setting qhvc sub-encoding to TS1/0 on input line 324.
Package textcomp Info: Setting futs sub-encoding to TS1/4 on input line 325.
Package textcomp Info: Setting futx sub-encoding to TS1/4 on input line 326.
Package textcomp Info: Setting futj sub-encoding to TS1/4 on input line 327.
Package textcomp Info: Setting hlh sub-encoding to TS1/3 on input line 328.
Package textcomp Info: Setting hls sub-encoding to TS1/3 on input line 329.
Package textcomp Info: Setting hlst sub-encoding to TS1/3 on input line 330.
Package textcomp Info: Setting hlct sub-encoding to TS1/5 on input line 331.
Package textcomp Info: Setting hlx sub-encoding to TS1/5 on input line 332.
Package textcomp Info: Setting hlce sub-encoding to TS1/5 on input line 333.
Package textcomp Info: Setting hlcn sub-encoding to TS1/5 on input line 334.
Package textcomp Info: Setting hlcw sub-encoding to TS1/5 on input line 335.
Package textcomp Info: Setting hlcf sub-encoding to TS1/5 on input line 336.
Package textcomp Info: Setting pplx sub-encoding to TS1/3 on input line 337.
Package textcomp Info: Setting pplj sub-encoding to TS1/3 on input line 338.
Package textcomp Info: Setting ptmx sub-encoding to TS1/4 on input line 339.
Package textcomp Info: Setting ptmj sub-encoding to TS1/4 on input line 340.
)
("D:\Program Files\Developer Tools\Latex\MiKTeX 2.9\tex\latex\graphics\graphicx
.sty"
Package: graphicx 1999/02/16 v1.0f Enhanced LaTeX Graphics (DPC,SPQR)

("D:\Program Files\Developer Tools\Latex\MiKTeX 2.9\tex\latex\graphics\keyval.s
ty"
Package: keyval 1999/03/16 v1.13 key=value parser (DPC)
\KV@toks@=\toks15
)
("D:\Program Files\Developer Tools\Latex\MiKTeX 2.9\tex\latex\graphics\graphics
.sty"
Package: graphics 2009/02/05 v1.0o Standard LaTeX Graphics (DPC,SPQR)

("D:\Program Files\Developer Tools\Latex\MiKTeX 2.9\tex\latex\graphics\trig.sty
"
Package: trig 1999/03/16 v1.09 sin cos tan (DPC)
)
("D:\Program Files\Developer Tools\Latex\MiKTeX 2.9\tex\latex\00miktex\graphics
.cfg"
File: graphics.cfg 2007/01/18 v1.5 graphics configuration of teTeX/TeXLive
)
Package graphics Info: Driver file: pdftex.def on input line 91.

("D:\Program Files\Developer Tools\Latex\MiKTeX 2.9\tex\latex\pdftex-def\pdftex
.def"
File: pdftex.def 2011/05/27 v0.06d Graphics/color for pdfTeX

("D:\Program Files\Developer Tools\Latex\MiKTeX 2.9\tex\generic\oberdiek\infwar
err.sty"
Package: infwarerr 2010/04/08 v1.3 Providing info/warning/error messages (HO)
)
("D:\Program Files\Developer Tools\Latex\MiKTeX 2.9\tex\generic\oberdiek\ltxcmd
s.sty"
Package: ltxcmds 2011/11/09 v1.22 LaTeX kernel commands for general use (HO)
)
\Gread@gobject=\count89
))
\Gin@req@height=\dimen104
\Gin@req@width=\dimen105
)
("D:\Program Files\Developer Tools\Latex\MiKTeX 2.9\tex\latex\setspace\setspace
.sty"
Package: setspace 2011/12/19 v6.7a set line spacing
)
("D:\Program Files\Developer Tools\Latex\MiKTeX 2.9\tex\latex\fancyhdr\fancyhdr
.sty"
\fancy@headwidth=\skip43
\f@ncyO@elh=\skip44
\f@ncyO@erh=\skip45
\f@ncyO@olh=\skip46
\f@ncyO@orh=\skip47
\f@ncyO@elf=\skip48
\f@ncyO@erf=\skip49
\f@ncyO@olf=\skip50
\f@ncyO@orf=\skip51
)
("D:\Program Files\Developer Tools\Latex\MiKTeX 2.9\tex\latex\truncate\truncate
.sty"
Package: truncate 2001/08/20  ver 3.6
\@Trunc@RestHyph=\toks16
)
("D:\Program Files\Developer Tools\Latex\MiKTeX 2.9\tex\latex\nomencl\nomencl.s
ty"
Package: nomencl 2005/09/22 v4.2 Nomenclature package (LN)
\nomlabelwidth=\dimen106
\nom@tempdim=\dimen107
\nomitemsep=\skip52
)
("D:\Program Files\Developer Tools\Latex\MiKTeX 2.9\tex\latex\tools\array.sty"
Package: array 2008/09/09 v2.4c Tabular extension package (FMi)
\col@sep=\dimen108
\extrarowheight=\dimen109
\NC@list=\toks17
\extratabsurround=\skip53
\backup@length=\skip54
)
("D:\Program Files\Developer Tools\Latex\MiKTeX 2.9\tex\latex\caption\caption.s
ty"
Package: caption 2013/05/02 v3.3-89 Customizing captions (AR)

("D:\Program Files\Developer Tools\Latex\MiKTeX 2.9\tex\latex\caption\caption3.
sty"
Package: caption3 2013/05/02 v1.6-88 caption3 kernel (AR)
Package caption3 Info: TeX engine: e-TeX on input line 57.
\captionmargin=\dimen110
\captionmargin@=\dimen111
\captionwidth=\dimen112
\caption@tempdima=\dimen113
\caption@indent=\dimen114
\caption@parindent=\dimen115
\caption@hangindent=\dimen116
)
\c@ContinuedFloat=\count90
)
("D:\Program Files\Developer Tools\Latex\MiKTeX 2.9\tex\latex\caption\subcaptio
n.sty"
Package: subcaption 2013/02/03 v1.1-62 Sub-captions (AR)
\c@subfigure=\count91
\c@subtable=\count92
)
("D:\Program Files\Developer Tools\Latex\MiKTeX 2.9\tex\latex\subfig\subfig.sty
"
Package: subfig 2005/06/28 ver: 1.3 subfig package
\c@KVtest=\count93
\sf@farskip=\skip55
\sf@captopadj=\dimen117
\sf@capskip=\skip56
\sf@nearskip=\skip57
\sf@top=\skip58
\sf@bottom=\skip59
)
("D:\Program Files\Developer Tools\Latex\MiKTeX 2.9\tex\latex\textcase\textcase
.sty"
Package: textcase 2004/10/07 v0.07 Text only upper/lower case changing (DPC)
)
\@nomenclaturefile=\write3

Writing nomenclature file deepak.nlo

("D:\Program Files\Developer Tools\Latex\MiKTeX 2.9\tex\latex\titlesec\titlesec
.sty"
Package: titlesec 2011/12/15 v2.10.0 Sectioning titles
\ttl@box=\box26
\beforetitleunit=\skip60
\aftertitleunit=\skip61
\ttl@plus=\dimen118
\ttl@minus=\dimen119
\ttl@toksa=\toks18
\titlewidth=\dimen120
\titlewidthlast=\dimen121
\titlewidthfirst=\dimen122
) ("E:\Works\Projects\Mini Project\Latex\deepak.aux")
LaTeX Font Info:    Checking defaults for OML/cmm/m/it on input line 51.
LaTeX Font Info:    ... okay on input line 51.
LaTeX Font Info:    Checking defaults for T1/cmr/m/n on input line 51.
LaTeX Font Info:    ... okay on input line 51.
LaTeX Font Info:    Checking defaults for OT1/cmr/m/n on input line 51.
LaTeX Font Info:    ... okay on input line 51.
LaTeX Font Info:    Checking defaults for OMS/cmsy/m/n on input line 51.
LaTeX Font Info:    ... okay on input line 51.
LaTeX Font Info:    Checking defaults for OMX/cmex/m/n on input line 51.
LaTeX Font Info:    ... okay on input line 51.
LaTeX Font Info:    Checking defaults for U/cmr/m/n on input line 51.
LaTeX Font Info:    ... okay on input line 51.
LaTeX Font Info:    Checking defaults for TS1/cmr/m/n on input line 51.
LaTeX Font Info:    Try loading font information for TS1+cmr on input line 51.

("D:\Program Files\Developer Tools\Latex\MiKTeX 2.9\tex\latex\base\ts1cmr.fd"
File: ts1cmr.fd 1999/05/25 v2.5h Standard LaTeX font definitions
)
LaTeX Font Info:    ... okay on input line 51.

("D:\Program Files\Developer Tools\Latex\MiKTeX 2.9\tex\context\base\supp-pdf.m
kii"
[Loading MPS to PDF converter (version 2006.09.02).]
\scratchcounter=\count94
\scratchdimen=\dimen123
\scratchbox=\box27
\nofMPsegments=\count95
\nofMParguments=\count96
\everyMPshowfont=\toks19
\MPscratchCnt=\count97
\MPscratchDim=\dimen124
\MPnumerator=\count98
\makeMPintoPDFobject=\count99
\everyMPtoPDFconversion=\toks20
)
Package caption Info: Begin \AtBeginDocument code.
Package caption Info: subfig package v1.3 is loaded.
Package caption Info: End \AtBeginDocument code.
LaTeX Font Info:    Try loading font information for U+msa on input line 52.
 ("D:\Program Files\Developer Tools\Latex\MiKTeX 2.9\tex\latex\amsfonts\umsa.fd
"
File: umsa.fd 2013/01/14 v3.01 AMS symbols A
)
LaTeX Font Info:    Try loading font information for U+msb on input line 52.

("D:\Program Files\Developer Tools\Latex\MiKTeX 2.9\tex\latex\amsfonts\umsb.fd"
File: umsb.fd 2013/01/14 v3.01 AMS symbols B
) [1

{C:/ProgramData/MiKTeX/2.9/pdftex/config/pdftex.map}]
("E:\Works\Projects\Mini Project\Latex\deepak.toc")
\tf@toc=\write4
 [1

]
Chapter 1.
[2

]
Underfull \hbox (badness 10000) in paragraph at lines 75--77

 []

[3] [4] [5] <ABC.png, id=24, 490.83376pt x 349.305pt>
File: ABC.png Graphic file (type png)
 <use ABC.png>
Package pdftex.def Info: ABC.png used on input line 124.
(pdftex.def)             Requested size: 426.80472pt x 170.71855pt.

Overfull \hbox (36.80472pt too wide) in paragraph at lines 124--126
 [][] 
 []

Missing character: There is no Â in font cmr12!
Missing character: There is no ° in font cmr12!
Missing character: There is no Â in font cmr12!
Missing character: There is no ° in font cmr12!
[6 <E:/Works/Projects/Mini Project/Latex/ABC.png>]
Missing character: There is no Â in font cmr12!
Missing character: There is no ² in font cmr12!

Underfull \hbox (badness 10000) in paragraph at lines 144--145

 []

Missing character: There is no Â in font cmr12!
Missing character: There is no ² in font cmr12!
[7]
Chapter 2.
[8

]
Chapter 3.
[9

] ("E:\Works\Projects\Mini Project\Latex\deepak.aux") ) 
Here is how much of TeX's memory you used:
 3819 strings out of 493921
 58252 string characters out of 3138416
 110626 words of memory out of 3000000
 7072 multiletter control sequences out of 15000+200000
 13047 words of font info for 50 fonts, out of 3000000 for 9000
 841 hyphenation exceptions out of 8191
 36i,8n,43p,765b,384s stack positions out of 5000i,500n,10000p,200000b,50000s
{D:/Program Files/Develo
per Tools/Latex/MiKTeX 2.9/fonts/enc/dvips/cm-super/cm-super-ts1.enc}<D:/Progra
m Files/Developer Tools/Latex/MiKTeX 2.9/fonts/type1/public/amsfonts/cm/cmbx12.
pfb><D:/Program Files/Developer Tools/Latex/MiKTeX 2.9/fonts/type1/public/amsfo
nts/cm/cmr12.pfb><D:/Program Files/Developer Tools/Latex/MiKTeX 2.9/fonts/type1
/public/amsfonts/cm/cmr17.pfb><D:/Program Files/Developer Tools/Latex/MiKTeX 2.
9/fonts/type1/public/cm-super/sfrm1200.pfb>
Output written on deepak.pdf (10 pages, 86380 bytes).
PDF statistics:
 55 PDF objects out of 1000 (max. 8388607)
 0 named destinations out of 1000 (max. 500000)
 6 words of extra memory for PDF output out of 10000 (max. 10000000)

